/*C1*/SET SCHEMA SYSTEM_LOBS
INSERT INTO BLOCKS VALUES(0,2147483647,0)
COMMIT
/*C2*/SET SCHEMA PUBLIC
drop table users if exists
drop table threads if exists
drop table posts if exists
create table users (id bigint not null, login varchar(255), password binary(64), mail varchar(255), joined date, posts bigint default 0, salt binary(64), primary key (id))
create table threads (id bigint not null, title varchar(255), author varchar(255), created date, primary key (id))
create table posts (id bigint not null, parent bigint not null, title varchar(255), author varchar(255), post varchar(510), posted date, edited date, primary key (id))
/*C3*/SET SCHEMA PUBLIC
INSERT INTO USERS VALUES(1,'admin','89f9f873117bcdf303bebef4b98d71b9482e91fd476e07f7b25ad9fee756290cc0b87bea688ac4638688aac1c34e02674d43fbe84ef5e6886c6ccef5cfe292dd','admin@forum.com','2017-12-12',0,'57fabadb55d8fa1df83797485ef851b7f9311185bbe6d5502246966ecf516ecdb6c0989e45e539c398804536f69494fdc60556820a847c12044ccffb51b33000')
COMMIT
DISCONNECT
/*C4*/SET SCHEMA PUBLIC
INSERT INTO USERS VALUES(2,'pierre','fe14f5db49f1a6d7d5b03453fc9aeb29fd462f8e0e01ac312fec28c4969fab0577063e5905b939a7e4aa019998bc57e9fde02af14c8c74764a640372ea56fee0','pierre@forum.com','2017-12-12',0,'b1f218f34633587fa5e94f0d2f503dd890da2b4386883d86baf3e91bc2b03552811d253dbeb7ac5c6958585cbfeec304953600d968afe3af9ea8820688ee7313')
COMMIT
DISCONNECT
/*C5*/SET SCHEMA PUBLIC
INSERT INTO USERS VALUES(3,'paul','c9fcb3295112d91f40f9da9d0dfa6df5288d22d64c18b64da94507e1d12f7196ca6a9e39b6bf1f6fa25cbaa4cb416ecebe11971db726c610bc5411792793c488','paul@forum.com','2017-12-12',0,'0607a28552b1f5d0a24e1146fd349ea836d99b0313994fdec1418aa290ff8acfbec55d081268e6ebe65060808ca171555f7d61e59d637b8e595997519cafd05b')
COMMIT
DISCONNECT
/*C6*/SET SCHEMA PUBLIC
INSERT INTO USERS VALUES(4,'jacques','2d2a835a76d8404952f81d9346d784852aa46894a77243c14b4cb1be3c246b3c8ddb42e4dcb5ed4beb1989baea5996afb7b9927fdc31336a858467363b9640e9','jacques@forum.com','2017-12-12',0,'2cf93d79c9a0b8c066386448bb6755e40bcdf93ccd9d5f75c6600c39a7487c81d6d3d831651e41fd4724c6bf129c3991d67b6e509c93c941676497abded6c3fd')
COMMIT
DISCONNECT
/*C7*/SET SCHEMA PUBLIC
INSERT INTO THREADS VALUES(1,'test','pierre','2017-12-12')
COMMIT
/*C8*/SET SCHEMA PUBLIC
INSERT INTO POSTS VALUES(1,1,'test','pierre','coucou','2017-12-12','2017-12-12')
COMMIT
DELETE FROM USERS WHERE ID=2
INSERT INTO USERS VALUES(2,'pierre','fe14f5db49f1a6d7d5b03453fc9aeb29fd462f8e0e01ac312fec28c4969fab0577063e5905b939a7e4aa019998bc57e9fde02af14c8c74764a640372ea56fee0','pierre@forum.com','2017-12-12',1,'b1f218f34633587fa5e94f0d2f503dd890da2b4386883d86baf3e91bc2b03552811d253dbeb7ac5c6958585cbfeec304953600d968afe3af9ea8820688ee7313')
COMMIT
DISCONNECT
/*C7*/DISCONNECT
/*C9*/SET SCHEMA PUBLIC
INSERT INTO THREADS VALUES(2,'essai','paul','2017-12-12')
COMMIT
/*C10*/SET SCHEMA PUBLIC
INSERT INTO POSTS VALUES(2,2,'essai','paul','coucou','2017-12-12','2017-12-12')
COMMIT
DELETE FROM USERS WHERE ID=3
INSERT INTO USERS VALUES(3,'paul','c9fcb3295112d91f40f9da9d0dfa6df5288d22d64c18b64da94507e1d12f7196ca6a9e39b6bf1f6fa25cbaa4cb416ecebe11971db726c610bc5411792793c488','paul@forum.com','2017-12-12',1,'0607a28552b1f5d0a24e1146fd349ea836d99b0313994fdec1418aa290ff8acfbec55d081268e6ebe65060808ca171555f7d61e59d637b8e595997519cafd05b')
COMMIT
DISCONNECT
/*C9*/DISCONNECT
/*C2*/DISCONNECT
